#-----------------------------------------------------------
# Vivado v2020.1 (64-bit)
# SW Build 2902540 on Wed May 27 19:54:49 MDT 2020
# IP Build 2902112 on Wed May 27 22:43:36 MDT 2020
# Start of session at: Tue Apr  8 22:18:55 2025
# Process ID: 20932
# Current directory: C:/Github/piccolo/fpga/project
# Command line: vivado.exe -gui_launcher_event rodinguilauncherevent16840 C:\Github\piccolo\fpga\project\redpitaya.xpr
# Log file: C:/Github/piccolo/fpga/project/vivado.log
# Journal file: C:/Github/piccolo/fpga/project\vivado.jou
#-----------------------------------------------------------
start_gui
open_project C:/Github/piccolo/fpga/project/redpitaya.xpr
INFO: [Project 1-313] Project file moved from 'C:/Github/piccolo-fullstack/fpga/project' since last save.
Scanning sources...
Finished scanning sources
INFO: [IP_Flow 19-234] Refreshing IP repositories
INFO: [IP_Flow 19-1704] No user IP repositories specified
INFO: [IP_Flow 19-2313] Loaded Vivado IP repository 'C:/Xilinx/Vivado/2020.1/data/ip'.
open_project: Time (s): cpu = 00:00:35 ; elapsed = 00:00:32 . Memory (MB): peak = 1038.180 ; gain = 20.332
update_compile_order -fileset sources_1
