#-----------------------------------------------------------
# Vivado v2020.1 (64-bit)
# SW Build 2902540 on Wed May 27 19:54:49 MDT 2020
# IP Build 2902112 on Wed May 27 22:43:36 MDT 2020
# Start of session at: Tue Feb 25 13:29:03 2025
# Process ID: 5260
# Current directory: C:/Github/piccolo-fullstack/fpga/project
# Command line: vivado.exe -gui_launcher_event rodinguilauncherevent11932 C:\Github\piccolo-fullstack\fpga\project\redpitaya.xpr
# Log file: C:/Github/piccolo-fullstack/fpga/project/vivado.log
# Journal file: C:/Github/piccolo-fullstack/fpga/project\vivado.jou
#-----------------------------------------------------------
start_gui
open_project C:/Github/piccolo-fullstack/fpga/project/redpitaya.xpr
INFO: [Project 1-313] Project file moved from 'C:/Github/RedPitaya-FPGA-master/prj/FADS/project' since last save.
Scanning sources...
Finished scanning sources
INFO: [filemgmt 56-1] Board Part Repository Path: Directory not found as 'C:/Github/brd'; using path 'C:/Github/RedPitaya-FPGA-master/brd' instead.
INFO: [IP_Flow 19-234] Refreshing IP repositories
INFO: [IP_Flow 19-1704] No user IP repositories specified
INFO: [IP_Flow 19-2313] Loaded Vivado IP repository 'C:/Xilinx/Vivado/2020.1/data/ip'.
open_project: Time (s): cpu = 00:00:23 ; elapsed = 00:00:20 . Memory (MB): peak = 1023.156 ; gain = 0.000
update_compile_order -fileset sources_1
exit
INFO: [Common 17-206] Exiting Vivado at Tue Feb 25 13:34:42 2025...
